<?xml version="1.0" encoding="UTF-8"?>
<!-- Generated by org.testng.reporters.JUnitReportReporter -->
<testsuite skipped="0" hostname="Deepali-AK" name="com.tests.TC001_GetData_Deepalii" tests="1" failures="0" timestamp="2020-07-08T15:48:13 IST" time="0.793" errors="0">
  <testcase name="postreq" time="0.793" classname="com.tests.TC001_GetData_Deepalii"/>
  <system-out/>
</testsuite> <!-- com.tests.TC001_GetData_Deepalii -->
