<?xml version="1.0" encoding="UTF-8"?>
<!-- Generated by org.testng.reporters.JUnitReportReporter -->
<testsuite skipped="2" hostname="DESKTOP-PNFG6ND" name="com.tests.TC003_PojoConcepts_Deepali" tests="3" failures="0" timestamp="2020-04-14T13:39:09 IST" time="4.425" errors="0">
  <testcase name="testSerializationNormal" time="4.425" classname="com.tests.TC003_PojoConcepts_Deepali"/>
  <testcase name="testSerializationBDD" classname="com.tests.TC003_PojoConcepts_Deepali">
    <skipped/>
  </testcase> <!-- testSerializationBDD -->
  <testcase name="postRequestNormal" classname="com.tests.TC003_PojoConcepts_Deepali">
    <skipped/>
  </testcase> <!-- postRequestNormal -->
</testsuite> <!-- com.tests.TC003_PojoConcepts_Deepali -->
