<?xml version="1.0" encoding="UTF-8"?>
<!-- Generated by org.testng.reporters.JUnitReportReporter -->
<testsuite skipped="2" hostname="DESKTOP-PNFG6ND" name="com.tests.TC005_AuthRequest_Deepali" tests="3" failures="0" timestamp="2020-04-14T14:22:06 IST" time="7.406" errors="0">
  <testcase name="basicAuthenticationTest" time="7.406" classname="com.tests.TC005_AuthRequest_Deepali"/>
  <testcase name="getRequestAccessAuthorised" classname="com.tests.TC005_AuthRequest_Deepali">
    <skipped/>
  </testcase> <!-- getRequestAccessAuthorised -->
  <testcase name="getReqAccessDenied" classname="com.tests.TC005_AuthRequest_Deepali">
    <skipped/>
  </testcase> <!-- getReqAccessDenied -->
</testsuite> <!-- com.tests.TC005_AuthRequest_Deepali -->
