<?xml version="1.0" encoding="UTF-8"?>
<!-- Generated by org.testng.reporters.JUnitReportReporter -->
<testsuite skipped="0" hostname="DESKTOP-PNFG6ND" name="com.tests.TC006_ParsingJsonByJsonPath_Deepali" tests="1" failures="0" timestamp="2020-04-14T16:38:09 IST" time="7.763" errors="0">
  <testcase name="getReq" time="7.763" classname="com.tests.TC006_ParsingJsonByJsonPath_Deepali"/>
</testsuite> <!-- com.tests.TC006_ParsingJsonByJsonPath_Deepali -->
