<?xml version="1.0" encoding="UTF-8"?>
<!-- Generated by org.testng.reporters.JUnitReportReporter -->
<testsuite skipped="6" hostname="DESKTOP-PNFG6ND" name="com.tests.TC002_SchemaValidation_Deepali" tests="7" failures="0" timestamp="2020-04-14T17:00:34 IST" time="4.252" errors="0">
  <testcase name="pathParameterNormal" time="4.252" classname="com.tests.TC002_SchemaValidation_Deepali"/>
  <testcase name="getResponseInPOJO" classname="com.tests.TC002_SchemaValidation_Deepali">
    <skipped/>
  </testcase> <!-- getResponseInPOJO -->
  <testcase name="testJsonSchemaBdd" classname="com.tests.TC002_SchemaValidation_Deepali">
    <skipped/>
  </testcase> <!-- testJsonSchemaBdd -->
  <testcase name="pathParameterBDD" classname="com.tests.TC002_SchemaValidation_Deepali">
    <skipped/>
  </testcase> <!-- pathParameterBDD -->
  <testcase name="testJsonSchemaNormal" classname="com.tests.TC002_SchemaValidation_Deepali">
    <skipped/>
  </testcase> <!-- testJsonSchemaNormal -->
  <testcase name="queryParameterNormal" classname="com.tests.TC002_SchemaValidation_Deepali">
    <skipped/>
  </testcase> <!-- queryParameterNormal -->
  <testcase name="queryParameterBDD" classname="com.tests.TC002_SchemaValidation_Deepali">
    <skipped/>
  </testcase> <!-- queryParameterBDD -->
</testsuite> <!-- com.tests.TC002_SchemaValidation_Deepali -->
